#
# A fatal error has been detected by the Java Runtime Environment:
#
#  EXCEPTION_ACCESS_VIOLATION (0xc0000005) at pc=0x000000005d5482b5, pid=15036, tid=14788
#
# JRE version: Java(TM) SE Runtime Environment (8.0_45-b15) (build 1.8.0_45-b15)
# Java VM: Java HotSpot(TM) 64-Bit Server VM (25.45-b02 mixed mode windows-amd64 compressed oops)
# Problematic frame:
# V  [jvm.dll+0x1282b5]
#
# Failed to write core dump. Minidumps are not enabled by default on client versions of Windows
#
# If you would like to submit a bug report, please visit:
#   http://bugreport.java.com/bugreport/crash.jsp
#

---------------  T H R E A D  ---------------

Current thread (0x000000001be22800):  JavaThread "JDWP Transport Listener: dt_socket" daemon [_thread_in_vm, id=14788, stack(0x000000001d6c0000,0x000000001d7c0000)]

siginfo: ExceptionCode=0xc0000005, reading address 0xffffffffffffffff

Registers:
RAX=0x000000001d7bf001, RBX=0x000000001be22800, RCX=0x746e496f54676e69, RDX=0x0000000000000000
RSP=0x000000001d7bf010, RBP=0x746e496f54676e69, RSI=0x000000001d7bf128, RDI=0x00000000025589f0
R8 =0x000000001be22800, R9 =0x0000000000008000, R10=0x0000000000000000, R11=0x000000001d7bf35a
R12=0x0000000000000000, R13=0x000000001be30a58, R14=0x0000000000000000, R15=0x0000000000000000
RIP=0x000000005d5482b5, EFLAGS=0x0000000000010206

Top of Stack: (sp=0x000000001d7bf010)
0x000000001d7bf010:   000000001be22800 000000001be22800
0x000000001d7bf020:   000000001d7bf0d8 000000005d74c7db
0x000000001d7bf030:   000000001be22800 000000005d76903d
0x000000001d7bf040:   0000000000000000 000000005d129155
0x000000001d7bf050:   000000001be558f8 000000005d13291e
0x000000001d7bf060:   000000001be22800 0000000000000000
0x000000001d7bf070:   0000000000000000 0000000000000000
0x000000001d7bf080:   746e496f54676e69 000000005d131a15
0x000000001d7bf090:   000000001d7bf128 000000001d7bf100
0x000000001d7bf0a0:   0000000000000001 000000001be558f8
0x000000001d7bf0b0:   746e496f54676e69 000000005d1153b3
0x000000001d7bf0c0:   000000001d7bf1f0 0000000000000001
0x000000001d7bf0d0:   0000000000000001 000000001be558f8
0x000000001d7bf0e0:   00000000f000100a 0000000000000000
0x000000001d7bf0f0:   0000000000000000 0000000000000000
0x000000001d7bf100:   0000000000000001 000000005d115571 

Instructions: (pc=0x000000005d5482b5)
0x000000005d548295:   cc cc cc cc cc cc cc cc cc cc cc 48 83 ec 28 48
0x000000005d5482a5:   85 c9 75 07 33 c0 48 83 c4 28 c3 48 89 5c 24 20
0x000000005d5482b5:   48 8b 19 48 85 db 74 20 48 83 fb 37 74 1a 48 8b
0x000000005d5482c5:   13 48 8b cb ff 52 10 84 c0 74 0d 48 8b c3 48 8b 


Register to memory mapping:

RAX=0x000000001d7bf001 is pointing into the stack for thread: 0x000000001be22800
RBX=0x000000001be22800 is a thread
RCX=0x746e496f54676e69 is an unknown value
RDX=0x0000000000000000 is an unknown value
RSP=0x000000001d7bf010 is pointing into the stack for thread: 0x000000001be22800
RBP=0x746e496f54676e69 is an unknown value
RSI=0x000000001d7bf128 is pointing into the stack for thread: 0x000000001be22800
RDI=0x00000000025589f0 is an unknown value
R8 =0x000000001be22800 is a thread
R9 =0x0000000000008000 is an unknown value
R10=0x0000000000000000 is an unknown value
R11=0x000000001d7bf35a is pointing into the stack for thread: 0x000000001be22800
R12=0x0000000000000000 is an unknown value
R13=0x000000001be30a58 is an unknown value
R14=0x0000000000000000 is an unknown value
R15=0x0000000000000000 is an unknown value


Stack: [0x000000001d6c0000,0x000000001d7c0000],  sp=0x000000001d7bf010,  free space=1020k
Native frames: (J=compiled Java code, j=interpreted, Vv=VM code, C=native code)
V  [jvm.dll+0x1282b5]
V  [jvm.dll+0x34903d]
C  [jdwp.dll+0x21a15]
C  [jdwp.dll+0x53b3]
C  [jdwp.dll+0x5571]
C  [jdwp.dll+0xf0a8]
C  [jdwp.dll+0x1f2d5]
C  [jdwp.dll+0x1f4aa]
V  [jvm.dll+0x1bae98]
V  [jvm.dll+0x241984]
V  [jvm.dll+0x29853a]
C  [msvcr100.dll+0x21d9f]
C  [msvcr100.dll+0x21e3b]
C  [KERNEL32.DLL+0x13034]
C  [ntdll.dll+0x71461]


---------------  P R O C E S S  ---------------

Java Threads: ( => current thread )
  0x000000001be7e800 JavaThread "Service Thread" daemon [_thread_blocked, id=9228, stack(0x000000001e0c0000,0x000000001e1c0000)]
  0x000000001be5c800 JavaThread "C1 CompilerThread2" daemon [_thread_blocked, id=1336, stack(0x000000001dbc0000,0x000000001dcc0000)]
  0x000000001be58000 JavaThread "C2 CompilerThread1" daemon [_thread_blocked, id=7668, stack(0x000000001dac0000,0x000000001dbc0000)]
  0x000000001be4a800 JavaThread "C2 CompilerThread0" daemon [_thread_blocked, id=12232, stack(0x000000001d9c0000,0x000000001dac0000)]
  0x000000001be39800 JavaThread "JDWP Command Reader" daemon [_thread_in_native, id=1592, stack(0x000000001d8c0000,0x000000001d9c0000)]
  0x000000001be36000 JavaThread "JDWP Event Helper Thread" daemon [_thread_blocked, id=11096, stack(0x000000001d7c0000,0x000000001d8c0000)]
=>0x000000001be22800 JavaThread "JDWP Transport Listener: dt_socket" daemon [_thread_in_vm, id=14788, stack(0x000000001d6c0000,0x000000001d7c0000)]
  0x000000001be1d800 JavaThread "Attach Listener" daemon [_thread_blocked, id=5376, stack(0x000000001d280000,0x000000001d380000)]
  0x000000001be1c800 JavaThread "Signal Dispatcher" daemon [_thread_blocked, id=9584, stack(0x000000001d180000,0x000000001d280000)]
  0x0000000002817800 JavaThread "Finalizer" daemon [_thread_blocked, id=11620, stack(0x000000001d080000,0x000000001d180000)]
  0x000000000280f000 JavaThread "Reference Handler" daemon [_thread_blocked, id=19288, stack(0x000000001cf80000,0x000000001d080000)]
  0x000000000255e800 JavaThread "main" [_thread_blocked, id=3424, stack(0x0000000002620000,0x0000000002720000)]

Other Threads:
  0x000000001bde7800 VMThread [stack: 0x000000001ce80000,0x000000001cf80000] [id=5432]
  0x000000001dd1e800 WatcherThread [stack: 0x000000001e1c0000,0x000000001e2c0000] [id=11600]

VM state:not at safepoint (normal execution)

VM Mutex/Monitor currently owned by a thread: None

Heap:
 PSYoungGen      total 76288K, used 6553K [0x000000076b200000, 0x0000000770700000, 0x00000007c0000000)
  eden space 65536K, 10% used [0x000000076b200000,0x000000076b8667d8,0x000000076f200000)
  from space 10752K, 0% used [0x000000076fc80000,0x000000076fc80000,0x0000000770700000)
  to   space 10752K, 0% used [0x000000076f200000,0x000000076f200000,0x000000076fc80000)
 ParOldGen       total 175104K, used 0K [0x00000006c1600000, 0x00000006cc100000, 0x000000076b200000)
  object space 175104K, 0% used [0x00000006c1600000,0x00000006c1600000,0x00000006cc100000)
 Metaspace       used 4375K, capacity 4872K, committed 4992K, reserved 1056768K
  class space    used 533K, capacity 583K, committed 640K, reserved 1048576K

Card table byte_map: [0x0000000011be0000,0x00000000123e0000] byte_map_base: 0x000000000e5d5000

Marking Bits: (ParMarkBitMap*) 0x000000005dc24040
 Begin Bits: [0x0000000012d30000, 0x0000000016cd8000)
 End Bits:   [0x0000000016cd8000, 0x000000001ac80000)

Polling page: 0x0000000000890000

CodeCache: size=245760Kb used=1129Kb max_used=1129Kb free=244630Kb
 bounds [0x0000000002820000, 0x0000000002a90000, 0x0000000011820000]
 total_blobs=329 nmethods=67 adapters=184
 compilation: enabled

Compilation events (10 events):
Event: 0.143 Thread 0x000000001be5c800   16  s    3       java.lang.StringBuffer::append (13 bytes)
Event: 0.143 Thread 0x000000001be5c800 nmethod 16 0x000000000292e2d0 code [0x000000000292e460, 0x000000000292e968]
Event: 0.143 Thread 0x000000001be5c800   14       3       java.lang.String::<init> (62 bytes)
Event: 0.143 Thread 0x000000001be5c800 nmethod 14 0x000000000292ebd0 code [0x000000000292eda0, 0x000000000292f218]
Event: 10.568 Thread 0x000000001be5c800   65       3       java.lang.AbstractStringBuilder::expandCapacity (50 bytes)
Event: 10.570 Thread 0x000000001be5c800 nmethod 65 0x0000000002939210 code [0x00000000029393c0, 0x0000000002939938]
Event: 32.192 Thread 0x000000001be5c800   66       3       java.lang.StringBuilder::<init> (7 bytes)
Event: 32.193 Thread 0x000000001be5c800 nmethod 66 0x0000000002939b90 code [0x0000000002939d00, 0x0000000002939fb0]
Event: 45.818 Thread 0x000000001be5c800   67       3       java.lang.String::<init> (10 bytes)
Event: 45.818 Thread 0x000000001be5c800 nmethod 67 0x000000000293a0d0 code [0x000000000293a220, 0x000000000293a3f0]

GC Heap History (0 events):
No events

Deoptimization events (0 events):
No events

Internal exceptions (8 events):
Event: 0.038 Thread 0x000000000255e800 Exception <a 'java/lang/NoSuchMethodError': Method sun.misc.Unsafe.defineClass(Ljava/lang/String;[BII)Ljava/lang/Class; name or signature does not match> (0x000000076b20d4e8) thrown at [C:\re\workspace\8-2-build-windows-amd64-cygwin\jdk8u45\3627\hotspot\srª%QQ:å£?
Event: 0.038 Thread 0x000000000255e800 Exception <a 'java/lang/NoSuchMethodError': Method sun.misc.Unsafe.prefetchRead(Ljava/lang/Object;J)V name or signature does not match> (0x000000076b20d778) thrown at [C:\re\workspace\8-2-build-windows-amd64-cygwin\jdk8u45\3627\hotspot\src\share\vm\prims\jêÖìˇ⁄ñ˛?
Event: 1.912 Thread 0x000000000255e800 Exception <a 'java/lang/NoSuchFieldError': method resolution failed> (0x000000076b337970) thrown at [C:\re\workspace\8-2-build-windows-amd64-cygwin\jdk8u45\3627\hotspot\src\share\vm\prims\methodHandles.cpp, line 1125]
Event: 1.938 Thread 0x000000000255e800 Exception <a 'java/lang/NoSuchFieldError': method resolution failed> (0x000000076b3460c0) thrown at [C:\re\workspace\8-2-build-windows-amd64-cygwin\jdk8u45\3627\hotspot\src\share\vm\prims\methodHandles.cpp, line 1125]
Event: 2.156 Thread 0x000000000255e800 Exception <a 'java/security/PrivilegedActionException'> (0x000000076b7ad4f8) thrown at [C:\re\workspace\8-2-build-windows-amd64-cygwin\jdk8u45\3627\hotspot\src\share\vm\prims\jvm.cpp, line 1382]
Event: 2.156 Thread 0x000000000255e800 Exception <a 'java/security/PrivilegedActionException'> (0x000000076b7ad840) thrown at [C:\re\workspace\8-2-build-windows-amd64-cygwin\jdk8u45\3627\hotspot\src\share\vm\prims\jvm.cpp, line 1382]
Event: 2.163 Thread 0x000000000255e800 Exception <a 'java/security/PrivilegedActionException'> (0x000000076b7b0750) thrown at [C:\re\workspace\8-2-build-windows-amd64-cygwin\jdk8u45\3627\hotspot\src\share\vm\prims\jvm.cpp, line 1382]
Event: 2.163 Thread 0x000000000255e800 Exception <a 'java/security/PrivilegedActionException'> (0x000000076b7b0a98) thrown at [C:\re\workspace\8-2-build-windows-amd64-cygwin\jdk8u45\3627\hotspot\src\share\vm\prims\jvm.cpp, line 1382]

Events (10 events):
Event: 3.805 Executing VM operation: ChangeSingleStep
Event: 3.805 Executing VM operation: ChangeSingleStep done
Event: 4.186 Executing VM operation: EnableBiasedLocking
Event: 4.186 Executing VM operation: EnableBiasedLocking done
Event: 6.482 Executing VM operation: GetOrSetLocal
Event: 6.482 Executing VM operation: GetOrSetLocal done
Event: 23.259 Executing VM operation: ForceSafepoint
Event: 23.259 Executing VM operation: ForceSafepoint done
Event: 147.399 Executing VM operation: RedefineClasses
Event: 147.399 Executing VM operation: RedefineClasses done


Dynamic libraries:
0x00007ff655f70000 - 0x00007ff655fa7000 	C:\Desenvolvimento\Java\jre1.8.0_45\bin\javaw.exe
0x00007ffbe1b50000 - 0x00007ffbe1d31000 	C:\WINDOWS\SYSTEM32\ntdll.dll
0x00007ffbe0470000 - 0x00007ffbe0522000 	C:\WINDOWS\System32\KERNEL32.DLL
0x00007ffbde020000 - 0x00007ffbde293000 	C:\WINDOWS\System32\KERNELBASE.dll
0x00007ffbdf8a0000 - 0x00007ffbdf941000 	C:\WINDOWS\System32\ADVAPI32.dll
0x00007ffbdefe0000 - 0x00007ffbdf07e000 	C:\WINDOWS\System32\msvcrt.dll
0x00007ffbdf520000 - 0x00007ffbdf57b000 	C:\WINDOWS\System32\sechost.dll
0x00007ffbdfd60000 - 0x00007ffbdfe84000 	C:\WINDOWS\System32\RPCRT4.dll
0x00007ffbdfe90000 - 0x00007ffbe0020000 	C:\WINDOWS\System32\USER32.dll
0x00007ffbde5c0000 - 0x00007ffbde5e0000 	C:\WINDOWS\System32\win32u.dll
0x00007ffbdf6d0000 - 0x00007ffbdf6f8000 	C:\WINDOWS\System32\GDI32.dll
0x00007ffbde420000 - 0x00007ffbde5b2000 	C:\WINDOWS\System32\gdi32full.dll
0x00007ffbde300000 - 0x00007ffbde39f000 	C:\WINDOWS\System32\msvcp_win.dll
0x00007ffbde5e0000 - 0x00007ffbde6da000 	C:\WINDOWS\System32\ucrtbase.dll
0x00007ffbc16b0000 - 0x00007ffbc1919000 	C:\WINDOWS\WinSxS\amd64_microsoft.windows.common-controls_6595b64144ccf1df_6.0.17134.345_none_fb429a5930656358\COMCTL32.dll
0x00007ffbdfa30000 - 0x00007ffbdfd53000 	C:\WINDOWS\System32\combase.dll
0x00007ffbde3a0000 - 0x00007ffbde41a000 	C:\WINDOWS\System32\bcryptPrimitives.dll
0x00007ffbdf090000 - 0x00007ffbdf0bd000 	C:\WINDOWS\System32\IMM32.DLL
0x000000005d340000 - 0x000000005d412000 	C:\Desenvolvimento\Java\jre1.8.0_45\bin\msvcr100.dll
0x000000005d420000 - 0x000000005dca3000 	C:\Desenvolvimento\Java\jre1.8.0_45\bin\server\jvm.dll
0x00007ffbe06d0000 - 0x00007ffbe06d8000 	C:\WINDOWS\System32\PSAPI.DLL
0x00007ffbdc1f0000 - 0x00007ffbdc213000 	C:\WINDOWS\SYSTEM32\WINMM.dll
0x00007ffbd2700000 - 0x00007ffbd2709000 	C:\WINDOWS\SYSTEM32\WSOCK32.dll
0x00007ffbdf4a0000 - 0x00007ffbdf50c000 	C:\WINDOWS\System32\WS2_32.dll
0x00007ffbdc060000 - 0x00007ffbdc08a000 	C:\WINDOWS\SYSTEM32\winmmbase.dll
0x00007ffbd1b90000 - 0x00007ffbd1b9a000 	C:\WINDOWS\SYSTEM32\VERSION.dll
0x00007ffbddf20000 - 0x00007ffbddf69000 	C:\WINDOWS\System32\cfgmgr32.dll
0x000000005f4f0000 - 0x000000005f4ff000 	C:\Desenvolvimento\Java\jre1.8.0_45\bin\verify.dll
0x000000005f4c0000 - 0x000000005f4e9000 	C:\Desenvolvimento\Java\jre1.8.0_45\bin\java.dll
0x000000005d110000 - 0x000000005d145000 	C:\Desenvolvimento\Java\jre1.8.0_45\bin\jdwp.dll
0x000000005d100000 - 0x000000005d108000 	C:\Desenvolvimento\Java\jre1.8.0_45\bin\npt.dll
0x000000005d2f0000 - 0x000000005d306000 	C:\Desenvolvimento\Java\jre1.8.0_45\bin\zip.dll
0x00007ffbe06e0000 - 0x00007ffbe1b1f000 	C:\WINDOWS\System32\SHELL32.dll
0x00007ffbdf0c0000 - 0x00007ffbdf169000 	C:\WINDOWS\System32\shcore.dll
0x00007ffbde8d0000 - 0x00007ffbdefdd000 	C:\WINDOWS\System32\windows.storage.dll
0x00007ffbdf670000 - 0x00007ffbdf6c1000 	C:\WINDOWS\System32\shlwapi.dll
0x00007ffbddef0000 - 0x00007ffbddf01000 	C:\WINDOWS\System32\kernel.appcore.dll
0x00007ffbdde80000 - 0x00007ffbdde9f000 	C:\WINDOWS\System32\profapi.dll
0x00007ffbddea0000 - 0x00007ffbddeec000 	C:\WINDOWS\System32\powrprof.dll
0x00007ffbddf10000 - 0x00007ffbddf1a000 	C:\WINDOWS\System32\FLTLIB.DLL
0x000000005d0f0000 - 0x000000005d0f9000 	C:\Desenvolvimento\Java\jre1.8.0_45\bin\dt_socket.dll
0x00007ffbd70d0000 - 0x00007ffbd70e6000 	C:\WINDOWS\system32\napinsp.dll
0x00007ffbd78a0000 - 0x00007ffbd78ba000 	C:\WINDOWS\system32\pnrpnsp.dll
0x00007ffbda980000 - 0x00007ffbda999000 	C:\WINDOWS\system32\NLAapi.dll
0x00007ffbdd680000 - 0x00007ffbdd6e6000 	C:\WINDOWS\System32\mswsock.dll
0x00007ffbdd440000 - 0x00007ffbdd4fe000 	C:\WINDOWS\SYSTEM32\DNSAPI.dll
0x00007ffbdf080000 - 0x00007ffbdf088000 	C:\WINDOWS\System32\NSI.dll
0x00007ffbdd400000 - 0x00007ffbdd438000 	C:\WINDOWS\SYSTEM32\IPHLPAPI.DLL
0x00007ffbd78c0000 - 0x00007ffbd78ce000 	C:\WINDOWS\System32\winrnr.dll
0x00007ffbda530000 - 0x00007ffbda5a2000 	C:\WINDOWS\System32\fwpuclnt.dll
0x00007ffbdd960000 - 0x00007ffbdd985000 	C:\WINDOWS\SYSTEM32\bcrypt.dll
0x00007ffbd8a80000 - 0x00007ffbd8a8a000 	C:\Windows\System32\rasadhlp.dll
0x00007ffbd1ee0000 - 0x00007ffbd20a9000 	C:\WINDOWS\SYSTEM32\dbghelp.dll

VM Arguments:
jvm_args: -agentlib:jdwp=transport=dt_socket,suspend=y,address=localhost:55901 -Dfile.encoding=Cp1252 
java_command: br.com.example.howto.ConvertListStringToInteger
java_class_path (initial): C:\Silvio\workspace\BinarySearchDemo\bin
Launcher Type: SUN_STANDARD

Environment Variables:
JAVA_HOME=C:\Desenvolvimento\Java\jdk1.8.0_45
CLASSPATH=.;C:\Desenvolvimento\Java\jdk1.8.0_45\jre\lib
PATH=C:/desenvolvimento/Java/jre1.8.0_45/bin/server;C:/desenvolvimento/Java/jre1.8.0_45/bin;C:/desenvolvimento/Java/jre1.8.0_45/lib/amd64;C:\ProgramData\Oracle\Java\javapath;C:\Desenvolvimento\wildfly-8.2.0.Final\bin;C:\Program Files (x86)\CA\SC\CAWIN\;C:\WINDOWS\system32;C:\WINDOWS;C:\WINDOWS\System32\Wbem;C:\WINDOWS\System32\WindowsPowerShell\v1.0\;C:\Program Files\Borland\StarTeam SDK 13.0\lib;C:\Program Files\Borland\StarTeam SDK 13.0\bin;C:\Program Files (x86)\CA\SC\Csam\SockAdapter\bin;C:\Program Files (x86)\CA\SC\CBB\;C:\Program Files (x86)\CA\DSM\bin;C:\PROGRA~2\CA\SC\CAM\bin;C:\Desenvolvimento\Java\jdk1.8.0_45\bin;C:\Desenvolvimento\apache-maven-3.5.3\bin;C:\Program Files (x86)\CA\SC\Csam\SockAdapter\bin64;C:\Program Files (x86)\nodejs\;C:\Program Files\Git\cmd;C:\WINDOWS\System32\OpenSSH\;C:\Backup_Prodesp\slv\Python\geckodriver.exe;C:\Users\809300\AppData\Local\Programs\Python\Python35\Scripts\;C:\Users\809300\AppData\Local\Programs\Python\Python35\;C:\Users\809300\AppData\Roaming\npm;C:\Program Files (x86)\Microsoft VS Code\bin;C:\Users\809300\AppData\Local\Microsoft\WindowsApps;;C:\Silvio\eclipse;
USERNAME=809300
OS=Windows_NT
PROCESSOR_IDENTIFIER=Intel64 Family 6 Model 60 Stepping 3, GenuineIntel



---------------  S Y S T E M  ---------------

OS: Windows 10.0 , 64 bit Build 17134 (10.0.17134.1)

CPU:total 4 (4 cores per cpu, 1 threads per core) family 6 model 60 stepping 3, cmov, cx8, fxsr, mmx, sse, sse2, sse3, ssse3, sse4.1, sse4.2, popcnt, avx, avx2, aes, clmul, erms, lzcnt, tsc, tscinvbit, bmi1, bmi2

Memory: 4k page, physical 16683116k(7786304k free), swap 20207172k(6424824k free)

vm_info: Java HotSpot(TM) 64-Bit Server VM (25.45-b02) for windows-amd64 JRE (1.8.0_45-b15), built on Apr 30 2015 12:40:44 by "java_re" with MS VC++ 10.0 (VS2010)

time: Wed Mar 06 10:38:00 2019
elapsed time: 147 seconds (0d 0h 2m 27s)

